time(line) 3.7206298542157317
time(cycloid) 3.14157994117556
|   iter    |  target   |    c0     |    c1     |    c2     |     g     |
-------------------------------------------------------------------------
|  1        | -4.903    | -1.788    | -0.5077   | -1.548    |  1.0      |
|  2        | -4.842    | -1.647    | -1.808    | -0.5786   |  1.0      |
|  3        | -4.065    | -1.051    | -0.6158   | -0.8459   |  1.0      |
|  4        | -3.588    | -1.149    | -0.9935   | -1.103    |  1.0      |
|  5        | -4.19     | -0.7952   | -1.205    | -0.7505   |  1.0      |
|  6        | -4.731    | -1.808    | -0.5786   | -1.493    |  1.0      |
|  7        | -3.569    | -1.132    | -1.027    | -1.098    |  1.0      |
|  8        | -3.313    | -1.059    | -1.173    | -1.42     |  1.0      |
|  9        | -3.473    | -0.6759   | -1.277    | -1.648    |  1.0      |
|  10       | -3.176    | -1.141    | -1.552    | -1.801    |  1.0      |
|  11       | -3.407    | -1.077    | -1.995    | -1.971    |  1.0      |
|  12       | -3.297    | -1.671    | -1.626    | -1.996    |  1.0      |
|  13       | -3.264    | -1.455    | -1.668    | -1.625    |  1.0      |
|  14       | -5.648    | -0.01335  | -1.984    | -1.901    |  1.0      |
|  15       | -3.218    | -1.693    | -1.99     | -1.988    |  1.0      |
|  16       | -7.689    | -0.0128   | -0.02512  | -1.932    |  1.0      |
|  17       | -8.724    | -1.838    | -0.2538   | -0.003459 |  1.0      |
|  18       | -3.457    | -1.99     | -1.963    | -1.653    |  1.0      |
|  19       | -3.509    | -0.9224   | -1.607    | -1.505    |  1.0      |
|  20       | -3.169    | -1.298    | -1.686    | -1.997    |  1.0      |
|  21       | -8.068    | -0.02991  | -0.3386   | -0.06934  |  1.0      |
|  22       | -3.289    | -1.144    | -1.323    | -1.995    |  1.0      |
|  23       | -3.293    | -1.525    | -1.989    | -1.785    |  1.0      |
|  24       | -3.309    | -1.986    | -1.976    | -1.973    |  1.0      |
|  25       | -3.227    | -0.9655   | -1.549    | -1.973    |  1.0      |
=========================================================================
{'target': -3.168922917455424, 'params': {'c0': -1.298238839275409, 'c1': -1.6858522883908686, 'c2': -1.997117491128637, 'g': 1.0}}
-1.298238839275409
-1.6858522883908686
-1.997117491128637
time(opt_spline) 3.168922917455424
